0 info it worked if it ends with ok
1 verbose cli [ '/Users/hernangarcia/.nvm/v0.10.21/bin/node',
1 verbose cli   '/Users/hernangarcia/.nvm/v0.10.21/bin/npm',
1 verbose cli   'install',
1 verbose cli   'v0.10.26' ]
2 info using npm@1.3.11
3 info using node@v0.10.21
4 verbose cache add [ 'v0.10.26', null ]
5 verbose cache add name=undefined spec="v0.10.26" args=["v0.10.26",null]
6 verbose parsed url { protocol: null,
6 verbose parsed url   slashes: null,
6 verbose parsed url   auth: null,
6 verbose parsed url   host: null,
6 verbose parsed url   port: null,
6 verbose parsed url   hostname: null,
6 verbose parsed url   hash: null,
6 verbose parsed url   search: null,
6 verbose parsed url   query: null,
6 verbose parsed url   pathname: 'v0.10.26',
6 verbose parsed url   path: 'v0.10.26',
6 verbose parsed url   href: 'v0.10.26' }
7 silly lockFile 2a569e32-v0-10-26 v0.10.26
8 verbose lock v0.10.26 /Users/hernangarcia/.npm/2a569e32-v0-10-26.lock
9 silly lockFile 2a569e32-v0-10-26 v0.10.26
10 silly lockFile 2a569e32-v0-10-26 v0.10.26
11 verbose addNamed [ 'v0.10.26', '' ]
12 verbose addNamed [ null, '*' ]
13 silly lockFile 6d6e163d-v0-10-26 v0.10.26@
14 verbose lock v0.10.26@ /Users/hernangarcia/.npm/6d6e163d-v0-10-26.lock
15 silly addNameRange { name: 'v0.10.26', range: '*', hasData: false }
16 verbose url raw v0.10.26
17 verbose url resolving [ 'https://registry.npmjs.org/', './v0.10.26' ]
18 verbose url resolved https://registry.npmjs.org/v0.10.26
19 info trying registry request attempt 1 at 23:06:35
20 http GET https://registry.npmjs.org/v0.10.26
21 http 404 https://registry.npmjs.org/v0.10.26
22 silly registry.get cb [ 404,
22 silly registry.get   { date: 'Wed, 19 Feb 2014 04:06:35 GMT',
22 silly registry.get     server: 'CouchDB/1.5.0 (Erlang OTP/R16B)',
22 silly registry.get     'content-type': 'application/json',
22 silly registry.get     'accept-ranges': 'bytes',
22 silly registry.get     via: '1.1 varnish',
22 silly registry.get     'cache-control': 'max-age=0',
22 silly registry.get     'content-length': '52',
22 silly registry.get     age: '0',
22 silly registry.get     'x-served-by': 'cache-v36-ASH, cache-jfk1029-JFK',
22 silly registry.get     'x-cache': 'MISS, MISS',
22 silly registry.get     'x-cache-hits': '0, 0',
22 silly registry.get     'x-timer': 'S1392782795.538780451,VS0,VS3,VE24,VE28',
22 silly registry.get     'keep-alive': 'timeout=10, max=50',
22 silly registry.get     connection: 'Keep-Alive' } ]
23 silly lockFile 6d6e163d-v0-10-26 v0.10.26@
24 silly lockFile 6d6e163d-v0-10-26 v0.10.26@
25 error 404 'v0.10.26' is not in the npm registry.
25 error 404 You should bug the author to publish it
25 error 404
25 error 404 Note that you can also install from a
25 error 404 tarball, folder, or http url, or git url.
26 error System Darwin 13.0.0
27 error command "/Users/hernangarcia/.nvm/v0.10.21/bin/node" "/Users/hernangarcia/.nvm/v0.10.21/bin/npm" "install" "v0.10.26"
28 error cwd /Users/hernangarcia/Projects/DynamicProg
29 error node -v v0.10.21
30 error npm -v 1.3.11
31 error code E404
32 verbose exit [ 1, true ]
